2020-04-08 01:11:24
Qdmail error: Qdmail Version 1.2.6b ,PHP Version 7.3.8
Qdmail error: OS Darwin ; PHP Version 7.3.8 ; Qdmail version 1.2.6b
php.ini status: mb_language = Japanese ; mb_internal_encoding = UTF-8 ; mb_detect_order = ASCII,UTF-8
Qdmail Status debug: 0, log: 0, errorlog: 3
Qdmail error: Tyr Varidate Error by regex preg_match('/[^@]+@[^@]+/') the address is -> line -> 3699

2020-04-08 01:11:24
Qdmail error: Illegal Mail AddressSystemValidete Address Method line -> 2770

2020-04-08 01:11:24
Qdmail error: Must Header is not exist 'TO' line -> 2232

2020-04-08 01:11:24
Qdmail error: Must Header is not exist 'SUBJECT' line -> 2232

2020-04-08 01:11:24
Qdmail error: No recipient line -> 2849

2020-04-08 01:11:24
Qdmail error: Error happen, see upper line -> 2194

2020-04-08 01:11:24
Qdmail error: Send Error line -> 2115

2020-04-08 01:11:39
Qdmail error: Qdmail Version 1.2.6b ,PHP Version 7.3.8
Qdmail error: OS Darwin ; PHP Version 7.3.8 ; Qdmail version 1.2.6b
php.ini status: mb_language = Japanese ; mb_internal_encoding = UTF-8 ; mb_detect_order = ASCII,UTF-8
Qdmail Status debug: 0, log: 0, errorlog: 3
Qdmail error: Tyr Varidate Error by regex preg_match('/[^@]+@[^@]+/') the address is -> line -> 3699

2020-04-08 01:11:39
Qdmail error: Illegal Mail AddressSystemValidete Address Method line -> 2770

2020-04-08 01:11:39
Qdmail error: Must Header is not exist 'TO' line -> 2232

2020-04-08 01:11:39
Qdmail error: Must Header is not exist 'SUBJECT' line -> 2232

2020-04-08 01:11:39
Qdmail error: No recipient line -> 2849

2020-04-08 01:11:39
Qdmail error: Error happen, see upper line -> 2194

2020-04-08 01:11:39
Qdmail error: Send Error line -> 2115

2020-04-08 01:30:41
Qdmail error: Qdmail Version 1.2.6b ,PHP Version 7.3.8
Qdmail error: OS Darwin ; PHP Version 7.3.8 ; Qdmail version 1.2.6b
php.ini status: mb_language = Japanese ; mb_internal_encoding = UTF-8 ; mb_detect_order = ASCII,UTF-8
Qdmail Status debug: 0, log: 0, errorlog: 3
Qdmail error: Tyr Varidate Error by regex preg_match('/[^@]+@[^@]+/') the address is -> line -> 3699

2020-04-08 01:30:41
Qdmail error: Illegal Mail AddressSystemValidete Address Method line -> 2770

2020-04-08 01:30:41
Qdmail error: Must Header is not exist 'TO' line -> 2232

2020-04-08 01:30:41
Qdmail error: Must Header is not exist 'SUBJECT' line -> 2232

2020-04-08 01:30:41
Qdmail error: No recipient line -> 2849

2020-04-08 01:30:41
Qdmail error: Error happen, see upper line -> 2194

2020-04-08 01:30:41
Qdmail error: Send Error line -> 2115

2020-04-08 01:31:58
Qdmail error: Qdmail Version 1.2.6b ,PHP Version 7.3.8
Qdmail error: OS Darwin ; PHP Version 7.3.8 ; Qdmail version 1.2.6b
php.ini status: mb_language = Japanese ; mb_internal_encoding = UTF-8 ; mb_detect_order = ASCII,UTF-8
Qdmail Status debug: 0, log: 0, errorlog: 3
Qdmail error: Tyr Varidate Error by regex preg_match('/[^@]+@[^@]+/') the address is -> line -> 3699

2020-04-08 01:31:58
Qdmail error: Illegal Mail AddressSystemValidete Address Method line -> 2770

2020-04-08 01:31:58
Qdmail error: Must Header is not exist 'TO' line -> 2232

2020-04-08 01:31:58
Qdmail error: Must Header is not exist 'SUBJECT' line -> 2232

2020-04-08 01:31:58
Qdmail error: No recipient line -> 2849

2020-04-08 01:31:58
Qdmail error: Error happen, see upper line -> 2194

2020-04-08 01:31:58
Qdmail error: Send Error line -> 2115

2020-04-08 01:34:12
Qdmail error: Qdmail Version 1.2.6b ,PHP Version 7.3.8
Qdmail error: OS Darwin ; PHP Version 7.3.8 ; Qdmail version 1.2.6b
php.ini status: mb_language = Japanese ; mb_internal_encoding = UTF-8 ; mb_detect_order = ASCII,UTF-8
Qdmail Status debug: 0, log: 0, errorlog: 3
Qdmail error: Tyr Varidate Error by regex preg_match('/[^@]+@[^@]+/') the address is -> line -> 3699

2020-04-08 01:34:12
Qdmail error: Illegal Mail AddressSystemValidete Address Method line -> 2770

2020-04-08 01:34:12
Qdmail error: Must Header is not exist 'TO' line -> 2232

2020-04-08 01:34:12
Qdmail error: Must Header is not exist 'SUBJECT' line -> 2232

2020-04-08 01:34:12
Qdmail error: No recipient line -> 2849

2020-04-08 01:34:12
Qdmail error: Error happen, see upper line -> 2194

2020-04-08 01:34:12
Qdmail error: Send Error line -> 2115

2020-04-08 01:34:55
Qdmail error: Qdmail Version 1.2.6b ,PHP Version 7.3.8
Qdmail error: OS Darwin ; PHP Version 7.3.8 ; Qdmail version 1.2.6b
php.ini status: mb_language = Japanese ; mb_internal_encoding = UTF-8 ; mb_detect_order = ASCII,UTF-8
Qdmail Status debug: 0, log: 0, errorlog: 3
Qdmail error: Tyr Varidate Error by regex preg_match('/[^@]+@[^@]+/') the address is -> line -> 3699

2020-04-08 01:34:55
Qdmail error: Illegal Mail AddressSystemValidete Address Method line -> 2770

2020-04-08 01:34:55
Qdmail error: Must Header is not exist 'TO' line -> 2232

2020-04-08 01:34:55
Qdmail error: Must Header is not exist 'SUBJECT' line -> 2232

2020-04-08 01:34:55
Qdmail error: No recipient line -> 2849

2020-04-08 01:34:55
Qdmail error: Error happen, see upper line -> 2194

2020-04-08 01:34:55
Qdmail error: Send Error line -> 2115

2020-04-08 01:35:36
Qdmail error: Qdmail Version 1.2.6b ,PHP Version 7.3.8
Qdmail error: OS Darwin ; PHP Version 7.3.8 ; Qdmail version 1.2.6b
php.ini status: mb_language = Japanese ; mb_internal_encoding = UTF-8 ; mb_detect_order = ASCII,UTF-8
Qdmail Status debug: 0, log: 0, errorlog: 3
Qdmail error: Tyr Varidate Error by regex preg_match('/[^@]+@[^@]+/') the address is -> line -> 3699

2020-04-08 01:35:36
Qdmail error: Illegal Mail AddressSystemValidete Address Method line -> 2770

2020-04-08 01:35:36
Qdmail error: Must Header is not exist 'TO' line -> 2232

2020-04-08 01:35:36
Qdmail error: Must Header is not exist 'SUBJECT' line -> 2232

2020-04-08 01:35:36
Qdmail error: No recipient line -> 2849

2020-04-08 01:35:36
Qdmail error: Error happen, see upper line -> 2194

2020-04-08 01:35:36
Qdmail error: Send Error line -> 2115

2020-04-08 01:35:44
Qdmail error: Qdmail Version 1.2.6b ,PHP Version 7.3.8
Qdmail error: OS Darwin ; PHP Version 7.3.8 ; Qdmail version 1.2.6b
php.ini status: mb_language = Japanese ; mb_internal_encoding = UTF-8 ; mb_detect_order = ASCII,UTF-8
Qdmail Status debug: 0, log: 0, errorlog: 3
Qdmail error: Tyr Varidate Error by regex preg_match('/[^@]+@[^@]+/') the address is -> line -> 3699

2020-04-08 01:35:44
Qdmail error: Illegal Mail AddressSystemValidete Address Method line -> 2770

2020-04-08 01:35:44
Qdmail error: Must Header is not exist 'TO' line -> 2232

2020-04-08 01:35:44
Qdmail error: Must Header is not exist 'SUBJECT' line -> 2232

2020-04-08 01:35:44
Qdmail error: No recipient line -> 2849

2020-04-08 01:35:44
Qdmail error: Error happen, see upper line -> 2194

2020-04-08 01:35:44
Qdmail error: Send Error line -> 2115

2020-04-08 01:37:22
Qdmail error: Qdmail Version 1.2.6b ,PHP Version 7.3.8
Qdmail error: OS Darwin ; PHP Version 7.3.8 ; Qdmail version 1.2.6b
php.ini status: mb_language = Japanese ; mb_internal_encoding = UTF-8 ; mb_detect_order = ASCII,UTF-8
Qdmail Status debug: 0, log: 0, errorlog: 3
Qdmail error: Tyr Varidate Error by regex preg_match('/[^@]+@[^@]+/') the address is -> line -> 3699

2020-04-08 01:37:22
Qdmail error: Illegal Mail AddressSystemValidete Address Method line -> 2770

2020-04-08 01:37:22
Qdmail error: Must Header is not exist 'TO' line -> 2232

2020-04-08 01:37:22
Qdmail error: Must Header is not exist 'SUBJECT' line -> 2232

2020-04-08 01:37:22
Qdmail error: No recipient line -> 2849

2020-04-08 01:37:22
Qdmail error: Error happen, see upper line -> 2194

2020-04-08 01:37:22
Qdmail error: Send Error line -> 2115

2020-04-08 01:37:30
Qdmail error: Qdmail Version 1.2.6b ,PHP Version 7.3.8
Qdmail error: OS Darwin ; PHP Version 7.3.8 ; Qdmail version 1.2.6b
php.ini status: mb_language = Japanese ; mb_internal_encoding = UTF-8 ; mb_detect_order = ASCII,UTF-8
Qdmail Status debug: 0, log: 0, errorlog: 3
Qdmail error: Tyr Varidate Error by regex preg_match('/[^@]+@[^@]+/') the address is -> line -> 3699

2020-04-08 01:37:30
Qdmail error: Illegal Mail AddressSystemValidete Address Method line -> 2770

2020-04-08 01:37:30
Qdmail error: Must Header is not exist 'TO' line -> 2232

2020-04-08 01:37:30
Qdmail error: Must Header is not exist 'SUBJECT' line -> 2232

2020-04-08 01:37:30
Qdmail error: No recipient line -> 2849

2020-04-08 01:37:30
Qdmail error: Error happen, see upper line -> 2194

2020-04-08 01:37:30
Qdmail error: Send Error line -> 2115

2020-04-08 01:38:33
Qdmail error: Qdmail Version 1.2.6b ,PHP Version 7.3.8
Qdmail error: OS Darwin ; PHP Version 7.3.8 ; Qdmail version 1.2.6b
php.ini status: mb_language = Japanese ; mb_internal_encoding = UTF-8 ; mb_detect_order = ASCII,UTF-8
Qdmail Status debug: 0, log: 0, errorlog: 3
Qdmail error: Tyr Varidate Error by regex preg_match('/[^@]+@[^@]+/') the address is -> line -> 3699

2020-04-08 01:38:33
Qdmail error: Illegal Mail AddressSystemValidete Address Method line -> 2770

2020-04-08 01:38:33
Qdmail error: Must Header is not exist 'TO' line -> 2232

2020-04-08 01:38:33
Qdmail error: Must Header is not exist 'SUBJECT' line -> 2232

2020-04-08 01:38:33
Qdmail error: No recipient line -> 2849

2020-04-08 01:38:33
Qdmail error: Error happen, see upper line -> 2194

2020-04-08 01:38:33
Qdmail error: Send Error line -> 2115

2020-04-08 01:41:09
Qdmail error: Qdmail Version 1.2.6b ,PHP Version 7.3.8
Qdmail error: OS Darwin ; PHP Version 7.3.8 ; Qdmail version 1.2.6b
php.ini status: mb_language = Japanese ; mb_internal_encoding = UTF-8 ; mb_detect_order = ASCII,UTF-8
Qdmail Status debug: 0, log: 0, errorlog: 3
Qdmail error: Tyr Varidate Error by regex preg_match('/[^@]+@[^@]+/') the address is -> line -> 3699

2020-04-08 01:41:09
Qdmail error: Illegal Mail AddressSystemValidete Address Method line -> 2770

2020-04-08 01:41:09
Qdmail error: Must Header is not exist 'TO' line -> 2232

2020-04-08 01:41:09
Qdmail error: Must Header is not exist 'SUBJECT' line -> 2232

2020-04-08 01:41:09
Qdmail error: No recipient line -> 2849

2020-04-08 01:41:09
Qdmail error: Error happen, see upper line -> 2194

2020-04-08 01:41:09
Qdmail error: Send Error line -> 2115

